Arguments: 
  C:\Program Files\nodejs\node.exe C:\Users\texas\AppData\Roaming\npm\node_modules\yarn\bin\yarn.js --dev

PATH: 
  C:\Program Files (x86)\Common Files\Oracle\Java\javapath;C:\WINDOWS\system32;C:\WINDOWS;C:\WINDOWS\System32\Wbem;C:\WINDOWS\System32\WindowsPowerShell\v1.0\;C:\WINDOWS\System32\OpenSSH\;C:\Program Files\ffmpeg\bin\;C:\Program Files\Microsoft SQL Server\120\Tools\Binn\;C:\Program Files\nodejs\;C:\Program Files\dotnet\;C:\Program Files\Git\cmd;C:\Program Files\PuTTY\;C:\Program Files\Docker\Docker\resources\bin;C:\ProgramData\DockerDesktop\version-bin;C:\Users\texas\AppData\Local\Programs\Python\Python38-32\Scripts\;C:\Users\texas\AppData\Local\Programs\Python\Python38-32\;C:\Users\texas\AppData\Local\Microsoft\WindowsApps;C:\Users\texas\AppData\Local\atom\bin;C:\Users\texas\AppData\Local\Microsoft\WindowsApps;C:\Users\texas\AppData\Local\GitHubDesktop\bin;C:\Users\texas\AppData\Roaming\npm;C:\Users\texas\AppData\Local\Programs\Microsoft VS Code\bin;C:\Users\texas\.dotnet\tools;C:\Program Files\dotnet\sdk\3.1.401;

Yarn version: 
  1.22.4

Node version: 
  12.18.3

Platform: 
  win32 x64

Trace: 
  Error: EBUSY: resource busy or locked, copyfile 'C:\Users\texas\AppData\Local\Yarn\Cache\v6\npm-three-0.125.2-dcba12749a2eb41522e15212b919cd3fbf729b12-integrity\node_modules\three\src\audio\Audio.d.ts' -> 'C:\Users\texas\Desktop\CSPSchedule\node_modules\three\src\audio\Audio.d.ts'

npm manifest: 
  {
    "scripts": {
      "dev": "rimraf dist && cross-env NODE_ENV=development webpack --watch --progress --color --config webpack.config.js"
    },
    "devDependencies": {
      "@babel/core": "^7.12.10",
      "@babel/preset-env": "^7.12.11",
      "@babel/preset-react": "^7.12.10",
      "@babel/register": "^7.12.10",
      "babel-loader": "^8.2.2",
      "copy-webpack-plugin": "^7.0.0",
      "cross-env": "^7.0.3",
      "css-loader": "^5.0.1",
      "electron": "^11.2.1",
      "electron-builder": "^22.9.1",
      "express": "^4.17.1",
      "file-loader": "^6.2.0",
      "fs": "^0.0.1-security",
      "html-webpack-plugin": "^4.5.1",
      "https": "^1.0.0",
      "lodash": "^4.17.20",
      "node": "^15.4.0",
      "path": "^0.12.7",
      "raw-loader": "^4.0.2",
      "rimraf": "^3.0.2",
      "style-loader": "^2.0.0",
      "uuid": "^8.3.2",
      "webpack": "^5.11.1",
      "webpack-cli": "^4.3.1",
      "ws": "^7.4.2"
    },
    "dependencies": {
      "@react-three/drei": "^3.3.0",
      "bootstrap": "^4.5.3",
      "browser-window": "^0.4.0",
      "react": "^17.0.1",
      "react-bootstrap": "^1.4.3",
      "react-dom": "^17.0.1",
      "react-three-fiber": "^5.3.11",
      "remote": "^0.2.6",
      "three": "^0.125.2"
    }
  }

yarn manifest: 
  No manifest

Lockfile: 
  # THIS IS AN AUTOGENERATED FILE. DO NOT EDIT THIS FILE DIRECTLY.
  # yarn lockfile v1
  
  
  node-bin-setup@^1.0.0:
    version "1.0.6"
    resolved "https://registry.yarnpkg.com/node-bin-setup/-/node-bin-setup-1.0.6.tgz#4b5c9bb937ece702d7069b36ca78af4684677528"
    integrity sha512-uPIxXNis1CRbv1DwqAxkgBk5NFV3s7cMN/Gf556jSw6jBvV7ca4F9lRL/8cALcZecRibeqU+5dFYqFFmzv5a0Q==
  
  node@^15.10.0:
    version "15.10.0"
    resolved "https://registry.yarnpkg.com/node/-/node-15.10.0.tgz#082a1e03cb4b58199d4b427b379dca6053193260"
    integrity sha512-JboERsul33BpTDeth8SsGWg/gTZfNEWGMT5HVqIoyepRwAARznCjwdWvLHHd/A9bvAYFp5zaq46RnVArWz44kA==
    dependencies:
      node-bin-setup "^1.0.0"
